*********************************************************************
* LD Score Regression (LDSC)
* Version 2.0.0
* (C) 2014-2019 Brendan Bulik-Sullivan and Hilary Finucane
* Broad Institute of MIT and Harvard / MIT Department of Mathematics
* GNU General Public License v3
*********************************************************************
Call: 
./ldsc.py \
--out data/genetic_correlation_results/sporadic_miscarriage_number_of_children_born \
--rg data/formatted_sumstats/sporadic_miscarriage.sumstats.gz,data/formatted_sumstats/number_of_children_born.sumstats.gz \
--ref-ld-chr ../Homework/hw4/ldsc_inputs/for_h2/eur_w_ld_chr/ \
--w-ld-chr ../Homework/hw4/ldsc_inputs/for_h2/eur_w_ld_chr/ 

Beginning analysis at Mon Apr 28 17:13:54 2025
Reading summary statistics from data/formatted_sumstats/sporadic_miscarriage.sumstats.gz ...
Read summary statistics for 1212104 SNPs.
Reading reference panel LD Score from ../Homework/hw4/ldsc_inputs/for_h2/eur_w_ld_chr/[1-22] ... (ldscore_fromlist)
Read reference panel LD Scores for 1293150 SNPs.
Removing partitioned LD Scores with zero variance.
Reading regression weight LD Score from ../Homework/hw4/ldsc_inputs/for_h2/eur_w_ld_chr/[1-22] ... (ldscore_fromlist)
Read regression weight LD Scores for 1293150 SNPs.
After merging with reference panel LD, 1182618 SNPs remain.
After merging with regression SNP LD, 1182618 SNPs remain.
Computing rg for phenotype 2/2
Reading summary statistics from data/formatted_sumstats/number_of_children_born.sumstats.gz ...
Read summary statistics for 1217311 SNPs.
After merging with summary statistics, 1182618 SNPs remain.
1064835 SNPs with valid alleles.

Heritability of phenotype 1
---------------------------
Total Observed scale h2: 0.0026 (0.0007)
Lambda GC: 1.0105
Mean Chi^2: 1.0196
Intercept: 0.9862 (0.0063)
Ratio < 0 (usually indicates GC correction).

Heritability of phenotype 2/2
-----------------------------
Total Observed scale h2: 0.0255 (0.0018)
Lambda GC: 1.1082
Mean Chi^2: 1.1282
Intercept: 0.971 (0.0069)
Ratio < 0 (usually indicates GC correction).

Genetic Covariance
------------------
Total Observed scale gencov: 0.0056 (0.0007)
Mean z1*z2: 0.0703
Intercept: 0.0199 (0.0043)

Genetic Correlation
-------------------
Genetic Correlation: 0.6908 (0.1214)
Z-score: 5.6903
P: 1.2684e-08


Summary of Genetic Correlation Results
                                                      p1                                                          p2     rg     se      z          p  h2_obs  h2_obs_se  h2_int  h2_int_se  gcov_int  gcov_int_se
data/formatted_sumstats/sporadic_miscarriage.sumstats.gz data/formatted_sumstats/number_of_children_born.sumstats.gz 0.6908 0.1214 5.6903 1.2684e-08  0.0255     0.0018   0.971     0.0069    0.0199       0.0043

Analysis finished at Mon Apr 28 17:14:00 2025
Total time elapsed: 6.3s
