*********************************************************************
* LD Score Regression (LDSC)
* Version 2.0.0
* (C) 2014-2019 Brendan Bulik-Sullivan and Hilary Finucane
* Broad Institute of MIT and Harvard / MIT Department of Mathematics
* GNU General Public License v3
*********************************************************************
Call: 
./ldsc.py \
--out data/genetic_correlation_results/sporadic_miscarriage_chronotype \
--rg data/formatted_sumstats/sporadic_miscarriage.sumstats.gz,data/formatted_sumstats/chronotype.sumstats.gz \
--ref-ld-chr ../Homework/hw4/ldsc_inputs/for_h2/eur_w_ld_chr/ \
--w-ld-chr ../Homework/hw4/ldsc_inputs/for_h2/eur_w_ld_chr/ 

Beginning analysis at Mon Apr 28 17:13:40 2025
Reading summary statistics from data/formatted_sumstats/sporadic_miscarriage.sumstats.gz ...
Read summary statistics for 1212104 SNPs.
Reading reference panel LD Score from ../Homework/hw4/ldsc_inputs/for_h2/eur_w_ld_chr/[1-22] ... (ldscore_fromlist)
Read reference panel LD Scores for 1293150 SNPs.
Removing partitioned LD Scores with zero variance.
Reading regression weight LD Score from ../Homework/hw4/ldsc_inputs/for_h2/eur_w_ld_chr/[1-22] ... (ldscore_fromlist)
Read regression weight LD Scores for 1293150 SNPs.
After merging with reference panel LD, 1182618 SNPs remain.
After merging with regression SNP LD, 1182618 SNPs remain.
Computing rg for phenotype 2/2
Reading summary statistics from data/formatted_sumstats/chronotype.sumstats.gz ...
Read summary statistics for 1217311 SNPs.
After merging with summary statistics, 1182618 SNPs remain.
1170218 SNPs with valid alleles.

Heritability of phenotype 1
---------------------------
Total Observed scale h2: 0.0026 (0.0007)
Lambda GC: 1.0135
Mean Chi^2: 1.0197
Intercept: 0.9852 (0.0061)
Ratio < 0 (usually indicates GC correction).

Heritability of phenotype 2/2
-----------------------------
Total Observed scale h2: 0.1109 (0.0037)
Lambda GC: 1.7648
Mean Chi^2: 2.0233
Intercept: 1.0456 (0.013)
Ratio: 0.0445 (0.0127)

Genetic Covariance
------------------
Total Observed scale gencov: -0.0028 (0.001)
Mean z1*z2: -0.0321
Intercept: -0.0043 (0.0055)

Genetic Correlation
-------------------
Genetic Correlation: -0.163 (0.0598)
Z-score: -2.7242
P: 0.0064


Summary of Genetic Correlation Results
                                                      p1                                             p2     rg     se       z      p  h2_obs  h2_obs_se  h2_int  h2_int_se  gcov_int  gcov_int_se
data/formatted_sumstats/sporadic_miscarriage.sumstats.gz data/formatted_sumstats/chronotype.sumstats.gz -0.163 0.0598 -2.7242 0.0064  0.1109     0.0037  1.0456      0.013   -0.0043       0.0055

Analysis finished at Mon Apr 28 17:13:46 2025
Total time elapsed: 6.47s
