*********************************************************************
* LD Score Regression (LDSC)
* Version 2.0.0
* (C) 2014-2019 Brendan Bulik-Sullivan and Hilary Finucane
* Broad Institute of MIT and Harvard / MIT Department of Mathematics
* GNU General Public License v3
*********************************************************************
Call: 
./ldsc.py \
--out data/heritability_results/sporadic_miscarriage \
--h2 data/formatted_sumstats/sporadic_miscarriage.sumstats.gz \
--ref-ld-chr ../Homework/hw4/ldsc_inputs/for_h2/eur_w_ld_chr/ \
--w-ld-chr ../Homework/hw4/ldsc_inputs/for_h2/eur_w_ld_chr/ 

Beginning analysis at Mon Apr 28 17:11:13 2025
Reading summary statistics from data/formatted_sumstats/sporadic_miscarriage.sumstats.gz ...
Read summary statistics for 1212104 SNPs.
Reading reference panel LD Score from ../Homework/hw4/ldsc_inputs/for_h2/eur_w_ld_chr/[1-22] ... (ldscore_fromlist)
Read reference panel LD Scores for 1293150 SNPs.
Removing partitioned LD Scores with zero variance.
Reading regression weight LD Score from ../Homework/hw4/ldsc_inputs/for_h2/eur_w_ld_chr/[1-22] ... (ldscore_fromlist)
Read regression weight LD Scores for 1293150 SNPs.
After merging with reference panel LD, 1182618 SNPs remain.
After merging with regression SNP LD, 1182618 SNPs remain.
Using two-step estimator with cutoff at 30.
Total Observed scale h2: 0.0026 (0.0007)
Lambda GC: 1.0135
Mean Chi^2: 1.0193
Intercept: 0.9858 (0.0058)
Ratio < 0 (usually indicates GC correction).
Analysis finished at Mon Apr 28 17:11:18 2025
Total time elapsed: 4.51s
